
=== Thu Oct 26 06:43:43 2023

Packages were changed.
Update Mode: mergeDefaultDependencies

The following packages were added:
  com.unity.collab-proxy@1.2.16
  com.unity.modules.ai@1.0.0
  com.unity.modules.cloth@1.0.0
  com.unity.modules.director@1.0.0
  com.unity.modules.physics@1.0.0
  com.unity.modules.terrain@1.0.0
  com.unity.modules.terrainphysics@1.0.0
  com.unity.modules.umbra@1.0.0
  com.unity.modules.vehicles@1.0.0
  com.unity.modules.vr@1.0.0
  com.unity.modules.wind@1.0.0
  com.unity.modules.xr@1.0.0
  com.unity.timeline@1.2.18
The following packages were updated:
  com.unity.2d.pixel-perfect from version 2.0.4 to 2.1.0
  com.unity.2d.spriteshape from version 3.0.14 to 3.0.15
  com.unity.ide.rider from version 1.1.4 to 1.2.1
  com.unity.mobile.android-logcat from version 1.2.0 to 1.2.1
  com.unity.mobile.notifications from version 1.0.3 to 1.3.2
  com.unity.test-framework from version 1.1.20 to 1.1.24
  com.unity.textmeshpro from version 2.1.3 to 2.1.6

=== Sun Feb 11 20:01:43 2024

Packages were changed.
Update Mode: updateDependencies

The following packages were updated:
  com.unity.2d.animation from version 3.2.6 to 3.2.17
  com.unity.2d.psdimporter from version 2.1.6 to 2.1.11
  com.unity.2d.spriteshape from version 3.0.15 to 3.0.18
  com.unity.collab-proxy from version 1.2.16 to 1.14.18
  com.unity.ide.vscode from version 1.2.3 to 1.2.5
  com.unity.mobile.android-logcat from version 1.2.1 to 1.3.2
  com.unity.mobile.notifications from version 1.3.2 to 2.0.2
  com.unity.test-framework from version 1.1.24 to 1.1.31

=== Fri Feb 16 15:05:23 2024

Packages were changed.
Update Mode: mergeDefaultDependencies

The following packages were added:
  com.unity.2d.sprite@1.0.0
